<?xml version="1.0" encoding="UTF-8"?>
<!-- Generated by org.testng.reporters.JUnitReportReporter -->
<testsuite hostname="NODE990" name="runner.TestRunner" tests="2" failures="1" timestamp="18 Jun 2020 15:18:28 GMT" time="11.980" errors="0">
  <testcase name="runtest" time="0.001" classname="runner.TestRunner"/>
  <testcase name="runScenario" time="11.979" classname="runner.TestRunner">
    <failure type="java.lang.AssertionError" message="expected:&lt;5&gt; but was:&lt;6&gt;">
      <![CDATA[java.lang.AssertionError: expected:<5> but was:<6>
	at org.junit.Assert.fail(Assert.java:93)
	at org.junit.Assert.failNotEquals(Assert.java:647)
	at org.junit.Assert.assertEquals(Assert.java:128)
	at org.junit.Assert.assertEquals(Assert.java:472)
	at org.junit.Assert.assertEquals(Assert.java:456)
	at com.gspann.aperture.steps.AccountStep.this_is_my_first_feature(AccountStep.java:29)
	at âœ½.This is my first feature(file:///E:/Apparture/Aperture-Project/MVN/aperture/src/test/resources/features/1-AccountCreate.feature:6)
]]>
    </failure>
  </testcase> <!-- runScenario -->
</testsuite> <!-- runner.TestRunner -->
